<?xml version="1.0" encoding="UTF-8"?>
<!-- Generated by org.testng.reporters.JUnitXMLReporter -->
<testsuite hostname="OKHYTRUK-N" ignored="0" name="Chrome Test" tests="2" failures="0" timestamp="19 черв. 2017 18:20:01 GMT" time="51.316" errors="0">
  <testcase name="verifyPurchasePriceSliderWork" time="25.786" classname="allTests.MortgagePaymentCalculation"/>
  <testcase name="verifyMortgagesWeeklyPaymentsCalculation" time="15.767" classname="allTests.MortgagePaymentCalculation"/>
</testsuite> <!-- Chrome Test -->
