<?xml version="1.0" encoding="UTF-8"?>
<!-- Generated by org.testng.reporters.JUnitXMLReporter -->
<testsuite hostname="OKHYTRUK-N" ignored="0" name="Verification Of Mortgage Payment Calculation" tests="2" failures="0" timestamp="19 черв. 2017 16:54:33 GMT" time="108.361" errors="0">
  <testcase name="verifyPurchasePriceSliderWork" time="56.828" classname="allTests.MortgagePaymentCalculation"/>
  <testcase name="verifyMortgagesWeeklyPaymentsCalculation" time="50.017" classname="allTests.MortgagePaymentCalculation"/>
</testsuite> <!-- Verification Of Mortgage Payment Calculation -->
