<?xml version="1.0" encoding="UTF-8"?>
<!-- Generated by org.testng.reporters.JUnitXMLReporter -->
<testsuite hostname="OKHYTRUK-N" ignored="0" name="Verification Of Mortgage Payment Calculation- Firefox Test" tests="2" failures="0" timestamp="19 черв. 2017 17:26:28 GMT" time="124.893" errors="0">
  <testcase name="verifyPurchasePriceSliderWork" time="50.558" classname="allTests.MortgagePaymentCalculation"/>
  <testcase name="verifyMortgagesWeeklyPaymentsCalculation" time="54.602" classname="allTests.MortgagePaymentCalculation"/>
</testsuite> <!-- Verification Of Mortgage Payment Calculation- Firefox Test -->
