<?xml version="1.0" encoding="UTF-8"?>
<!-- Generated by org.testng.reporters.JUnitXMLReporter -->
<testsuite hostname="OKHYTRUK-N" ignored="0" name="Verification of Mortgage Payment Calculation [Chrome Test]" tests="2" failures="0" timestamp="19 черв. 2017 18:23:26 GMT" time="48.674" errors="0">
  <testcase name="verifyPurchasePriceSliderWork" time="23.083" classname="allTests.MortgagePaymentCalculation"/>
  <testcase name="verifyMortgagesWeeklyPaymentsCalculation" time="16.649" classname="allTests.MortgagePaymentCalculation"/>
</testsuite> <!-- Verification of Mortgage Payment Calculation [Chrome Test] -->
